Arguments: 
  /home/oppxu/.nvm/versions/node/v16.2.0/bin/node /home/oppxu/.nvm/versions/node/v16.2.0/bin/yarn add react-router-domm

PATH: 
  /usr/share/rvm/gems/ruby-2.7.2/bin:/home/oppxu/.rvm/bin:/usr/share/rvm/gems/ruby-2.7.2/bin:/home/oppxu/.rvm/bin:/usr/share/rvm/gems/ruby-2.7.2/bin:/home/oppxu/.rvm/bin:/usr/share/rvm/gems/ruby-2.7.2/bin:/home/oppxu/.rvm/bin:/usr/share/rvm/gems/ruby-2.7.2/bin:/home/oppxu/.rvm/bin:/usr/share/rvm/gems/ruby-2.7.2/bin:/home/oppxu/.rvm/bin:/home/oppxu/.nvm/versions/node/v16.2.0/bin:/usr/share/rvm/gems/ruby-2.7.2/bin:/usr/share/rvm/gems/ruby-2.7.2@global/bin:/usr/share/rvm/rubies/ruby-2.7.2/bin:/usr/local/sbin:/usr/local/bin:/usr/sbin:/usr/bin:/sbin:/bin:/usr/games:/usr/local/games:/snap/bin:/usr/share/rvm/bin

Yarn version: 
  1.22.10

Node version: 
  16.2.0

Platform: 
  linux x64

Trace: 
  Error: https://registry.yarnpkg.com/react-router-domm: Not found
      at Request.params.callback [as _callback] (/home/oppxu/.nvm/versions/node/v16.2.0/lib/node_modules/yarn/lib/cli.js:66988:18)
      at Request.self.callback (/home/oppxu/.nvm/versions/node/v16.2.0/lib/node_modules/yarn/lib/cli.js:140662:22)
      at Request.emit (node:events:365:28)
      at Request.<anonymous> (/home/oppxu/.nvm/versions/node/v16.2.0/lib/node_modules/yarn/lib/cli.js:141634:10)
      at Request.emit (node:events:365:28)
      at IncomingMessage.<anonymous> (/home/oppxu/.nvm/versions/node/v16.2.0/lib/node_modules/yarn/lib/cli.js:141556:12)
      at Object.onceWrapper (node:events:471:28)
      at IncomingMessage.emit (node:events:377:35)
      at endReadableNT (node:internal/streams/readable:1312:12)
      at processTicksAndRejections (node:internal/process/task_queues:83:21)

npm manifest: 
  {
    "name": "phase-4-deploying-app-demo",
    "description": "Build scripts for Heroku",
    "engines": {
      "node": ">= 14"
    },
    "scripts": {
      "build": "npm install --prefix client && npm run build --prefix client",
      "clean": "rm -rf public",
      "deploy": "cp -a client/build/. public/",
      "heroku-postbuild": "npm run clean && npm run build && npm run deploy"
    }
  }

yarn manifest: 
  No manifest

Lockfile: 
  No lockfile
